2026-06-15 12:01:10,440 - INFO - --- NEW INCIDENT DETECTED ---
2026-06-15 12:01:10,441 - INFO - Alert ID: INC-1781517667 | Hostname: failing_router | Failed Port: 8082
2026-06-15 12:01:10,441 - INFO - Starting Level 1 Triage: Checking host state for failing_router
2026-06-15 12:01:10,488 - CRITICAL - Level 1 Triage Result: Host is completely powered OFF. Node is offline.
2026-06-15 12:01:10,489 - INFO - Alert payload processed and removed.
2026-06-15 12:01:10,489 - INFO - --- INCIDENT PAUSED PENDING REMEDIATION (PHASE 3) ---
2026-06-15 12:32:12,404 - INFO - --- NEW INCIDENT DETECTED ---
2026-06-15 12:32:12,407 - INFO - Starting Level 1 Triage: Checking host state for failing_router
2026-06-15 12:32:12,453 - INFO - Triggering Phase 3 Remediation: Ansible Playbook for failing_router
2026-06-15 12:32:14,475 - INFO - Ansible playbook executed successfully. Node should be recovering.
2026-06-15 12:32:16,478 - INFO - --- INCIDENT RESOLVED | MTTR: 4.07s ---
2026-06-15 12:34:22,601 - INFO - --- NEW INCIDENT DETECTED ---
2026-06-15 12:34:22,604 - INFO - Starting Level 1 Triage: Checking host state for failing_router
2026-06-15 12:34:22,653 - INFO - Triggering Phase 3 Remediation: Ansible Playbook for failing_router
2026-06-15 12:34:24,502 - INFO - Ansible playbook executed successfully. Node should be recovering.
2026-06-15 12:34:26,505 - INFO - --- INCIDENT RESOLVED | MTTR: 3.9s ---
2026-06-15 12:40:03,452 - INFO - --- NEW INCIDENT DETECTED ---
2026-06-15 12:40:03,454 - INFO - Starting Level 1 Triage: Checking host state for failing_router
2026-06-15 12:40:03,483 - INFO - Triggering Phase 3 Remediation: Ansible Playbook for failing_router
2026-06-15 12:39:31,189 - INFO - Ansible playbook executed successfully. Node should be recovering.
2026-06-15 12:49:52,982 - INFO - --- NEW INCIDENT DETECTED ---
2026-06-15 12:49:52,982 - INFO - Starting Level 1 Triage: Checking host state for healthy_router
2026-06-15 12:50:32,052 - INFO - --- NEW INCIDENT DETECTED ---
2026-06-15 12:50:32,053 - INFO - Starting Level 1 Triage: Checking host state for healthy_router
2026-06-15 12:51:11,174 - INFO - --- NEW INCIDENT DETECTED ---
2026-06-15 12:51:11,175 - INFO - Starting Level 1 Triage: Checking host state for failing_router
2026-06-15 12:51:11,221 - INFO - Triggering Phase 3 Remediation: Ansible Playbook for failing_router
2026-06-15 12:51:12,550 - INFO - Ansible playbook executed successfully. Node should be recovering.
2026-06-15 12:51:14,556 - INFO - --- INCIDENT RESOLVED | MTTR: 3.38s | Report: report_INC-1781520668.txt ---
2026-06-15 12:51:35,585 - INFO - --- NEW INCIDENT DETECTED ---
2026-06-15 12:51:35,586 - INFO - Starting Level 1 Triage: Checking host state for healthy_router
2026-06-15 12:51:35,632 - INFO - Triggering Phase 3 Remediation: Ansible Playbook for healthy_router
2026-06-15 12:51:37,660 - INFO - Ansible playbook executed successfully. Node should be recovering.
2026-06-15 12:51:39,663 - INFO - --- INCIDENT RESOLVED | MTTR: 4.08s | Report: report_INC-1781520694.txt ---
2026-06-15 12:52:09,712 - INFO - --- NEW INCIDENT DETECTED ---
2026-06-15 12:52:09,713 - INFO - Starting Level 1 Triage: Checking host state for healthy_router
2026-06-15 12:52:09,760 - INFO - Triggering Phase 3 Remediation: Ansible Playbook for healthy_router
2026-06-15 12:52:11,171 - INFO - Ansible playbook executed successfully. Node should be recovering.
2026-06-15 12:52:13,174 - INFO - --- INCIDENT RESOLVED | MTTR: 3.46s | Report: report_INC-1781520728.txt ---
